<?xml version="1.0" encoding="UTF-8"?>
<testsuite name="GetAssetInformationTest" tests="1" skipped="0" failures="0" errors="0" timestamp="2022-04-18T17:42:15" hostname="DESKTOP-F5KTROU" time="0.378">
  <properties/>
  <testcase name="getAssetInformation" classname="GetAssetInformationTest" time="0.378"/>
  <system-out><![CDATA[]]></system-out>
  <system-err><![CDATA[]]></system-err>
</testsuite>
