<?xml version="1.0" encoding="UTF-8"?>
<testsuite name="PopulateCurrencyTableTest" tests="1" skipped="0" failures="0" errors="0" timestamp="2022-04-18T17:42:18" hostname="DESKTOP-F5KTROU" time="0.244">
  <properties/>
  <testcase name="populateCurrencyMap_CheckForKeyCurrencies_KeysInTable" classname="PopulateCurrencyTableTest" time="0.244"/>
  <system-out><![CDATA[]]></system-out>
  <system-err><![CDATA[]]></system-err>
</testsuite>
