<?xml version="1.0" encoding="UTF-8"?>
<testsuite name="ListPortfolioAssetByTypeTest" tests="1" skipped="0" failures="0" errors="0" timestamp="2022-04-18T17:42:16" hostname="DESKTOP-F5KTROU" time="0.314">
  <properties/>
  <testcase name="TestListPortfolioAssetsByType" classname="ListPortfolioAssetByTypeTest" time="0.314"/>
  <system-out><![CDATA[]]></system-out>
  <system-err><![CDATA[]]></system-err>
</testsuite>
