<?xml version="1.0" encoding="UTF-8"?>
<testsuite name="GetSummaryExchangeTest" tests="1" skipped="0" failures="0" errors="0" timestamp="2022-04-18T17:42:15" hostname="DESKTOP-F5KTROU" time="0.198">
  <properties/>
  <testcase name="getExchangeSummary" classname="GetSummaryExchangeTest" time="0.198"/>
  <system-out><![CDATA[]]></system-out>
  <system-err><![CDATA[]]></system-err>
</testsuite>
