<?xml version="1.0" encoding="UTF-8"?>
<testsuite name="ListSalesInRangeMethodTest" tests="1" skipped="0" failures="0" errors="0" timestamp="2022-04-18T17:42:17" hostname="DESKTOP-F5KTROU" time="0.249">
  <properties/>
  <testcase name="listSalesInRange" classname="ListSalesInRangeMethodTest" time="0.249"/>
  <system-out><![CDATA[]]></system-out>
  <system-err><![CDATA[]]></system-err>
</testsuite>
